<?xml version="1.0" encoding="UTF-8"?>
<!-- Generated by org.testng.reporters.JUnitReportReporter -->
<testsuite hostname="IN-PG02NKK7" failures="0" tests="1" name="flipkart.testcases.giftCard__Test" time="5.925" errors="0" timestamp="2023-01-10T00:03:54 IST" skipped="0">
  <testcase classname="flipkart.testcases.giftCard__Test" name="giftcard" time="5.925"/>
  <system-out/>
</testsuite> <!-- flipkart.testcases.giftCard__Test -->
