<?xml version="1.0" encoding="UTF-8"?>
<!-- Generated by org.testng.reporters.JUnitReportReporter -->
<testsuite hostname="IN-PG02NKK7" failures="0" tests="1" name="flipkart.testcases.groceryTab__Test" time="17.209" errors="0" timestamp="2023-01-10T00:03:53 IST" skipped="0">
  <testcase classname="flipkart.testcases.groceryTab__Test" name="groceryitem" time="17.209"/>
  <system-out/>
</testsuite> <!-- flipkart.testcases.groceryTab__Test -->
