<?xml version="1.0" encoding="UTF-8"?>
<!-- Generated by org.testng.reporters.JUnitReportReporter -->
<testsuite hostname="IN-PG02NKK7" failures="0" tests="1" name="flipkart.testcases.cartBtn__Test" time="4.922" errors="0" timestamp="2023-01-10T00:03:54 IST" skipped="0">
  <testcase classname="flipkart.testcases.cartBtn__Test" name="cartbtnTest" time="4.922"/>
  <system-out/>
</testsuite> <!-- flipkart.testcases.cartBtn__Test -->
