<?xml version="1.0" encoding="UTF-8"?>
<!-- Generated by org.testng.reporters.JUnitReportReporter -->
<testsuite hostname="IN-PG02NKK7" failures="0" tests="1" name="flipkart.testcases.mobileTab__Test" time="9.692" errors="0" timestamp="2023-01-10T00:03:54 IST" skipped="0">
  <testcase classname="flipkart.testcases.mobileTab__Test" name="mobileTabTest" time="9.692"/>
  <system-out/>
</testsuite> <!-- flipkart.testcases.mobileTab__Test -->
