<?xml version="1.0" encoding="UTF-8"?>
<!-- Generated by org.testng.reporters.JUnitReportReporter -->
<testsuite hostname="IN-PG02NKK7" failures="0" tests="1" name="flipkart.testcases.flipkartLogin_Test" time="0.842" errors="0" timestamp="2023-01-10T00:03:54 IST" skipped="0">
  <testcase classname="flipkart.testcases.flipkartLogin_Test" name="loginFunction" time="0.842"/>
  <system-out/>
</testsuite> <!-- flipkart.testcases.flipkartLogin_Test -->
